<?xml version="1.0" encoding="UTF-8"?>
<testng-results skipped="0" failed="0" ignored="0" total="1" passed="1">
  <reporter-output>
  </reporter-output>
  <suite name="Suite" duration-ms="70035" started-at="2018-07-08T18:49:58Z" finished-at="2018-07-08T18:51:08Z">
    <groups>
    </groups>
    <test name="Test" duration-ms="70035" started-at="2018-07-08T18:49:58Z" finished-at="2018-07-08T18:51:08Z">
      <class name="home.LoginTestNGDataProviderDifferentClass">
        <test-method status="PASS" signature="setUp()[pri:0, instance:home.LoginTestNGDataProviderDifferentClass@724af044]" name="setUp" is-config="true" duration-ms="48819" started-at="2018-07-08T18:49:58Z" finished-at="2018-07-08T18:50:47Z">
          <reporter-output>
          </reporter-output>
        </test-method> <!-- setUp -->
        <test-method status="PASS" signature="LoginAmazon(java.lang.String, java.lang.String)[pri:0, instance:home.LoginTestNGDataProviderDifferentClass@724af044]" name="LoginAmazon" duration-ms="21152" started-at="2018-07-08T18:50:47Z" data-provider="dataProviderTestNG" finished-at="2018-07-08T18:51:08Z">
          <params>
            <param index="0">
              <value>
                <![CDATA[km275101@gmail.com]]>
              </value>
            </param>
            <param index="1">
              <value>
                <![CDATA[kame9454]]>
              </value>
            </param>
          </params>
          <reporter-output>
          </reporter-output>
        </test-method> <!-- LoginAmazon -->
      </class> <!-- home.LoginTestNGDataProviderDifferentClass -->
    </test> <!-- Test -->
  </suite> <!-- Suite -->
</testng-results>
