<?xml version="1.0" encoding="UTF-8"?>
<testng-results skipped="0" failed="0" ignored="0" total="1" passed="1">
  <reporter-output>
  </reporter-output>
  <suite name="Default suite" duration-ms="306451" started-at="2018-08-19T07:31:38Z" finished-at="2018-08-19T07:36:44Z">
    <groups>
    </groups>
    <test name="Default test" duration-ms="306451" started-at="2018-08-19T07:31:38Z" finished-at="2018-08-19T07:36:44Z">
      <class name="home.LoginPF">
        <test-method status="PASS" signature="setUp()[pri:0, instance:home.LoginPF@5622fdf]" name="setUp" is-config="true" duration-ms="254447" started-at="2018-08-19T07:31:38Z" finished-at="2018-08-19T07:35:52Z">
          <reporter-output>
          </reporter-output>
        </test-method> <!-- setUp -->
        <test-method status="PASS" signature="initialize()[pri:0, instance:home.LoginPF@5622fdf]" name="initialize" is-config="true" duration-ms="403" started-at="2018-08-19T07:35:52Z" finished-at="2018-08-19T07:35:53Z">
          <reporter-output>
          </reporter-output>
        </test-method> <!-- initialize -->
        <test-method status="PASS" signature="LoginAmazon()[pri:0, instance:home.LoginPF@5622fdf]" name="LoginAmazon" duration-ms="51362" started-at="2018-08-19T07:35:53Z" finished-at="2018-08-19T07:36:44Z">
          <reporter-output>
          </reporter-output>
        </test-method> <!-- LoginAmazon -->
      </class> <!-- home.LoginPF -->
    </test> <!-- Default test -->
  </suite> <!-- Default suite -->
</testng-results>
