<?xml version="1.0" encoding="UTF-8"?>
<testng-results skipped="0" failed="0" ignored="0" total="1" passed="1">
  <reporter-output>
  </reporter-output>
  <suite name="Suite" duration-ms="103750" started-at="2018-08-27T15:23:06Z" finished-at="2018-08-27T15:24:49Z">
    <groups>
    </groups>
    <test name="Test" duration-ms="103750" started-at="2018-08-27T15:23:06Z" finished-at="2018-08-27T15:24:49Z">
      <class name="homeTest.LoginPF">
        <test-method status="PASS" signature="setUp()[pri:0, instance:homeTest.LoginPF@6cf047cf]" name="setUp" is-config="true" duration-ms="61838" started-at="2018-08-27T15:23:06Z" finished-at="2018-08-27T15:24:07Z">
          <reporter-output>
          </reporter-output>
        </test-method> <!-- setUp -->
        <test-method status="PASS" signature="initialize()[pri:0, instance:homeTest.LoginPF@6cf047cf]" name="initialize" is-config="true" duration-ms="1543" started-at="2018-08-27T15:24:08Z" finished-at="2018-08-27T15:24:09Z">
          <reporter-output>
          </reporter-output>
        </test-method> <!-- initialize -->
        <test-method status="PASS" signature="LoginAmazon()[pri:0, instance:homeTest.LoginPF@6cf047cf]" name="LoginAmazon" duration-ms="39219" started-at="2018-08-27T15:24:10Z" finished-at="2018-08-27T15:24:49Z">
          <reporter-output>
          </reporter-output>
        </test-method> <!-- LoginAmazon -->
      </class> <!-- homeTest.LoginPF -->
    </test> <!-- Test -->
  </suite> <!-- Suite -->
</testng-results>
